<?xml version="1.0" encoding="UTF-8"?>
<testsuite xmlns:xsi="http://www.w3.org/2001/XMLSchema-instance" xsi:noNamespaceSchemaLocation="https://maven.apache.org/surefire/maven-surefire-plugin/xsd/surefire-test-report.xsd" version="3.0.2" name="testRunner.UberTest" time="0.236" tests="1" errors="0" skipped="0" failures="0">
  <properties>
[...]
</properties>
  <testcase name="Booking Cab Sedan" classname="Uber Booking Feature" time="0.134">
    <system-out><![CDATA[
@Regression
Scenario: Booking Cab Sedan                                                                    &amp#27;[90m# src/test/resources/appFeatures/Uber.feature:4&amp#27;[0m
Step 1 ******** sedan
  &amp#27;[32mGiven &amp#27;[0m&amp#27;[32mUser wants to select a car type &amp#27;[0m&amp#27;[32m&amp#27;[1m"sedan"&amp#27;[0m&amp#27;[32m from uber app&amp#27;[0m                                  &amp#27;[90m# stepDefinitions.UberSteps.user_wants_to_select_a_car_type_from_uber_app(java.lang.String)&amp#27;[0m
Step 2 ******** Alexandria : Arlington
  &amp#27;[32mWhen &amp#27;[0m&amp#27;[32mUser select car &amp#27;[0m&amp#27;[32m&amp#27;[1m"sedan"&amp#27;[0m&amp#27;[32m and pick up point &amp#27;[0m&amp#27;[32m&amp#27;[1m"Alexandria"&amp#27;[0m&amp#27;[32m and dropoff location &amp#27;[0m&amp#27;[32m&amp#27;[1m"Arlington"&amp#27;[0m &amp#27;[90m# stepDefinitions.UberSteps.user_select_car_and_pick_up_point_and_dropoff_location(java.lang.String,java.lang.String,java.lang.String)&amp#27;[0m
Step 3 ********
  &amp#27;[32mThen &amp#27;[0m&amp#27;[32mDriver starts the journey&amp#27;[0m                                                               &amp#27;[90m# stepDefinitions.UberSteps.driver_starts_the_journey()&amp#27;[0m
Step 4 ********
  &amp#27;[32mAnd &amp#27;[0m&amp#27;[32mDriver ends the journey&amp#27;[0m                                                                  &amp#27;[90m# stepDefinitions.UberSteps.driver_ends_the_journey()&amp#27;[0m
Step 5 ******** 10
  &amp#27;[32mThen &amp#27;[0m&amp#27;[32mUser pays &amp#27;[0m&amp#27;[32m&amp#27;[1m10&amp#27;[0m&amp#27;[32m USD&amp#27;[0m                                                                        &amp#27;[90m# stepDefinitions.UberSteps.user_pays_usd(java.lang.Integer)&amp#27;[0m
]]></system-out>
  </testcase>
</testsuite>